image_picker/build/intermediates/manifest_merge_blame_file/debug/processDebugManifest/manifest-merger-blame-debug-report.txt
1<?xml version="1.0" encoding="utf-8"?>
2<manifest xmlns:android="http://schemas.android.com/apk/res/android"
3    xmlns:tools="http://schemas.android.com/tools"
4    package="com.roundpay.image" >
5
6    <uses-sdk android:minSdkVersion="14" />
7    <!-- package="com.wishmaplus.image" -->
8    <uses-permission android:name="android.permission.CAMERA" />
8-->src\main\AndroidManifest.xml:4:5-65
8-->src\main\AndroidManifest.xml:4:22-62
9    <uses-permission android:name="android.permission.READ_EXTERNAL_STORAGE" />
9-->src\main\AndroidManifest.xml:5:5-80
9-->src\main\AndroidManifest.xml:5:22-77
10
11    <application
11-->src\main\AndroidManifest.xml:7:5-28:19
12        android:allowBackup="false"
12-->src\main\AndroidManifest.xml:8:9-36
13        android:label="@string/app_name"
13-->src\main\AndroidManifest.xml:9:9-41
14        android:supportsRtl="true" >
14-->src\main\AndroidManifest.xml:10:9-35
15        <activity
15-->src\main\AndroidManifest.xml:12:9-15:47
16            android:name="com.wishmaplus.image.cropper.CropImageActivity"
16-->src\main\AndroidManifest.xml:13:13-74
17            android:screenOrientation="portrait"
17-->src\main\AndroidManifest.xml:14:13-49
18            android:theme="@style/AppTheme" />
18-->src\main\AndroidManifest.xml:15:13-44
19
20        <provider
20-->src\main\AndroidManifest.xml:17:9-27:20
21            android:name="androidx.core.content.FileProvider"
21-->src\main\AndroidManifest.xml:18:13-62
22            android:authorities="${applicationId}.provider_smart_image_picker"
22-->src\main\AndroidManifest.xml:19:13-79
23            android:exported="false"
23-->src\main\AndroidManifest.xml:20:13-37
24            android:grantUriPermissions="true"
24-->src\main\AndroidManifest.xml:22:13-47
25            tools:replace="android:authorities" >
25-->src\main\AndroidManifest.xml:21:13-48
26            <meta-data
26-->src\main\AndroidManifest.xml:23:13-26:58
27                android:name="android.support.FILE_PROVIDER_PATHS"
27-->src\main\AndroidManifest.xml:25:17-67
28                android:resource="@xml/provider_paths"
28-->src\main\AndroidManifest.xml:26:17-55
29                tools:replace="android:resource" />
29-->src\main\AndroidManifest.xml:24:17-49
30        </provider>
31    </application>
32
33</manifest>